# JRE version: Java(TM) SE Runtime Environment (8.0_241-b07) (build 1.8.0_241-b07)
# Java VM: Java HotSpot(TM) 64-Bit Server VM (25.241-b07 mixed mode windows-amd64 compressed oops)
Heap:
 PSYoungGen      total 785408K, used 537290K [0x0000000785b00000, 0x00000007b9400000, 0x00000007c0000000)
  eden space 769024K, 67% used [0x0000000785b00000,0x00000007a57b6a28,0x00000007b4a00000)
  from space 16384K, 99% used [0x00000007b8400000,0x00000007b93fc040,0x00000007b9400000)
  to   space 22016K, 0% used [0x00000007b6900000,0x00000007b6900000,0x00000007b7e80000)
 ParOldGen       total 175616K, used 55442K [0x0000000711000000, 0x000000071bb80000, 0x0000000785b00000)
  object space 175616K, 31% used [0x0000000711000000,0x00000007146249b8,0x000000071bb80000)
 Metaspace       used 77708K, capacity 81126K, committed 81408K, reserved 1120256K
  class space    used 9601K, capacity 10175K, committed 10240K, reserved 1048576K
GC Heap History (10 events):
Event: 8.083 GC heap before
{Heap before GC invocations=13 (full 2):
 PSYoungGen      total 501760K, used 494592K [0x0000000785b00000, 0x00000007a5080000, 0x00000007c0000000)
  eden space 494592K, 100% used [0x0000000785b00000,0x00000007a3e00000,0x00000007a3e00000)
  from space 7168K, 0% used [0x00000007a4980000,0x00000007a4980000,0x00000007a5080000)
  to   space 8192K, 0% used [0x00000007a4080000,0x00000007a4080000,0x00000007a4880000)
 ParOldGen       total 104448K, used 15577K [0x0000000711000000, 0x0000000717600000, 0x0000000785b00000)
  object space 104448K, 14% used [0x0000000711000000,0x0000000711f36578,0x0000000717600000)
 Metaspace       used 47923K, capacity 49914K, committed 50304K, reserved 1093632K
  class space    used 6342K, capacity 6681K, committed 6784K, reserved 1048576K
Event: 8.097 GC heap after
Heap after GC invocations=13 (full 2):
 PSYoungGen      total 505344K, used 8184K [0x0000000785b00000, 0x00000007ae000000, 0x00000007c0000000)
  eden space 497152K, 0% used [0x0000000785b00000,0x0000000785b00000,0x00000007a4080000)
  from space 8192K, 99% used [0x00000007a4080000,0x00000007a487e050,0x00000007a4880000)
  to   space 9728K, 0% used [0x00000007ad680000,0x00000007ad680000,0x00000007ae000000)
 ParOldGen       total 104448K, used 16685K [0x0000000711000000, 0x0000000717600000, 0x0000000785b00000)
  object space 104448K, 15% used [0x0000000711000000,0x000000071204b480,0x0000000717600000)
 Metaspace       used 47923K, capacity 49914K, committed 50304K, reserved 1093632K
  class space    used 6342K, capacity 6681K, committed 6784K, reserved 1048576K
}
Event: 9.335 GC heap before
{Heap before GC invocations=14 (full 2):
 PSYoungGen      total 505344K, used 505336K [0x0000000785b00000, 0x00000007ae000000, 0x00000007c0000000)
  eden space 497152K, 100% used [0x0000000785b00000,0x00000007a4080000,0x00000007a4080000)
  from space 8192K, 99% used [0x00000007a4080000,0x00000007a487e050,0x00000007a4880000)
  to   space 9728K, 0% used [0x00000007ad680000,0x00000007ad680000,0x00000007ae000000)
 ParOldGen       total 104448K, used 16685K [0x0000000711000000, 0x0000000717600000, 0x0000000785b00000)
  object space 104448K, 15% used [0x0000000711000000,0x000000071204b480,0x0000000717600000)
 Metaspace       used 51391K, capacity 53446K, committed 53760K, reserved 1095680K
  class space    used 6680K, capacity 7069K, committed 7168K, reserved 1048576K
Event: 9.365 GC heap after
Heap after GC invocations=14 (full 2):
 PSYoungGen      total 644608K, used 9713K [0x0000000785b00000, 0x00000007aee80000, 0x00000007c0000000)
  eden space 634880K, 0% used [0x0000000785b00000,0x0000000785b00000,0x00000007ac700000)
  from space 9728K, 99% used [0x00000007ad680000,0x00000007adffc5b0,0x00000007ae000000)
  to   space 15872K, 0% used [0x00000007ac700000,0x00000007ac700000,0x00000007ad680000)
 ParOldGen       total 104448K, used 30335K [0x0000000711000000, 0x0000000717600000, 0x0000000785b00000)
  object space 104448K, 29% used [0x0000000711000000,0x0000000712d9ff18,0x0000000717600000)
 Metaspace       used 51391K, capacity 53446K, committed 53760K, reserved 1095680K
  class space    used 6680K, capacity 7069K, committed 7168K, reserved 1048576K
}
Event: 10.741 GC heap before
{Heap before GC invocations=15 (full 2):
 PSYoungGen      total 644608K, used 274223K [0x0000000785b00000, 0x00000007aee80000, 0x00000007c0000000)
  eden space 634880K, 41% used [0x0000000785b00000,0x0000000795d4f698,0x00000007ac700000)
  from space 9728K, 99% used [0x00000007ad680000,0x00000007adffc5b0,0x00000007ae000000)
  to   space 15872K, 0% used [0x00000007ac700000,0x00000007ac700000,0x00000007ad680000)
 ParOldGen       total 104448K, used 30335K [0x0000000711000000, 0x0000000717600000, 0x0000000785b00000)
  object space 104448K, 29% used [0x0000000711000000,0x0000000712d9ff18,0x0000000717600000)
 Metaspace       used 56268K, capacity 59032K, committed 59160K, reserved 1101824K
  class space    used 7296K, capacity 7760K, committed 7808K, reserved 1048576K
Event: 10.763 GC heap after
Heap after GC invocations=15 (full 2):
 PSYoungGen      total 650752K, used 10352K [0x0000000785b00000, 0x00000007b9400000, 0x00000007c0000000)
  eden space 634880K, 0% used [0x0000000785b00000,0x0000000785b00000,0x00000007ac700000)
  from space 15872K, 65% used [0x00000007ac700000,0x00000007ad11c010,0x00000007ad680000)
  to   space 16384K, 0% used [0x00000007b8400000,0x00000007b8400000,0x00000007b9400000)
 ParOldGen       total 104448K, used 40029K [0x0000000711000000, 0x0000000717600000, 0x0000000785b00000)
  object space 104448K, 38% used [0x0000000711000000,0x00000007137174d0,0x0000000717600000)
 Metaspace       used 56268K, capacity 59032K, committed 59160K, reserved 1101824K
  class space    used 7296K, capacity 7760K, committed 7808K, reserved 1048576K
}
Event: 10.763 GC heap before
{Heap before GC invocations=16 (full 3):
 PSYoungGen      total 650752K, used 10352K [0x0000000785b00000, 0x00000007b9400000, 0x00000007c0000000)
  eden space 634880K, 0% used [0x0000000785b00000,0x0000000785b00000,0x00000007ac700000)
  from space 15872K, 65% used [0x00000007ac700000,0x00000007ad11c010,0x00000007ad680000)
  to   space 16384K, 0% used [0x00000007b8400000,0x00000007b8400000,0x00000007b9400000)
 ParOldGen       total 104448K, used 40029K [0x0000000711000000, 0x0000000717600000, 0x0000000785b00000)
  object space 104448K, 38% used [0x0000000711000000,0x00000007137174d0,0x0000000717600000)
 Metaspace       used 56268K, capacity 59032K, committed 59160K, reserved 1101824K
  class space    used 7296K, capacity 7760K, committed 7808K, reserved 1048576K
Event: 11.030 GC heap after
Heap after GC invocations=16 (full 3):
 PSYoungGen      total 650752K, used 0K [0x0000000785b00000, 0x00000007b9400000, 0x00000007c0000000)
  eden space 634880K, 0% used [0x0000000785b00000,0x0000000785b00000,0x00000007ac700000)
  from space 15872K, 0% used [0x00000007ac700000,0x00000007ac700000,0x00000007ad680000)
  to   space 16384K, 0% used [0x00000007b8400000,0x00000007b8400000,0x00000007b9400000)
 ParOldGen       total 175616K, used 47566K [0x0000000711000000, 0x000000071bb80000, 0x0000000785b00000)
  object space 175616K, 27% used [0x0000000711000000,0x0000000713e73848,0x000000071bb80000)
 Metaspace       used 56268K, capacity 59032K, committed 59160K, reserved 1101824K
  class space    used 7296K, capacity 7760K, committed 7808K, reserved 1048576K
}
Event: 15.321 GC heap before
{Heap before GC invocations=17 (full 3):
 PSYoungGen      total 650752K, used 634880K [0x0000000785b00000, 0x00000007b9400000, 0x00000007c0000000)
  eden space 634880K, 100% used [0x0000000785b00000,0x00000007ac700000,0x00000007ac700000)
  from space 15872K, 0% used [0x00000007ac700000,0x00000007ac700000,0x00000007ad680000)
  to   space 16384K, 0% used [0x00000007b8400000,0x00000007b8400000,0x00000007b9400000)
 ParOldGen       total 175616K, used 47566K [0x0000000711000000, 0x000000071bb80000, 0x0000000785b00000)
  object space 175616K, 27% used [0x0000000711000000,0x0000000713e73848,0x000000071bb80000)
 Metaspace       used 69392K, capacity 72708K, committed 72832K, reserved 1112064K
  class space    used 8720K, capacity 9304K, committed 9344K, reserved 1048576K
Event: 15.351 GC heap after
Heap after GC invocations=17 (full 3):
 PSYoungGen      total 785408K, used 16368K [0x0000000785b00000, 0x00000007b9400000, 0x00000007c0000000)
  eden space 769024K, 0% used [0x0000000785b00000,0x0000000785b00000,0x00000007b4a00000)
  from space 16384K, 99% used [0x00000007b8400000,0x00000007b93fc040,0x00000007b9400000)
  to   space 22016K, 0% used [0x00000007b6900000,0x00000007b6900000,0x00000007b7e80000)
 ParOldGen       total 175616K, used 55442K [0x0000000711000000, 0x000000071bb80000, 0x0000000785b00000)
  object space 175616K, 31% used [0x0000000711000000,0x00000007146249b8,0x000000071bb80000)
 Metaspace       used 69392K, capacity 72708K, committed 72832K, reserved 1112064K
  class space    used 8720K, capacity 9304K, committed 9344K, reserved 1048576K
}

